batchrenamer/build/outputs/mapping/release/mapping.txt
com.giorgioaresu.batchrenamer.AboutActivity -> com.giorgioaresu.batchrenamer.AboutActivity:
    void onCreate(android.os.Bundle) -> onCreate
com.giorgioaresu.batchrenamer.AboutActivity$AboutFragment -> com.giorgioaresu.batchrenamer.a:
    com.giorgioaresu.batchrenamer.Eula eula -> a
    void onCreate(android.os.Bundle) -> onCreate
    void onPause() -> onPause
com.giorgioaresu.batchrenamer.AboutActivity$AboutFragment$1 -> com.giorgioaresu.batchrenamer.b:
    android.app.Activity val$activity -> a
    com.giorgioaresu.batchrenamer.AboutActivity$AboutFragment this$0 -> b
    boolean onPreferenceClick(android.preference.Preference) -> onPreferenceClick
com.giorgioaresu.batchrenamer.Application -> com.giorgioaresu.batchrenamer.Application:
    android.content.Context mContext -> a
    android.content.Context getContext() -> a
    void onCreate() -> onCreate
com.giorgioaresu.batchrenamer.Debug -> com.giorgioaresu.batchrenamer.c:
    boolean debug -> a
    boolean debugToFile -> b
    int logTypes -> c
    com.giorgioaresu.batchrenamer.Debug$OnLogListener logListener -> d
    void setDebugToFile(boolean) -> a
    void logCommon(int,java.lang.String,java.lang.String) -> a
    boolean isExternalStorageWritable() -> a
    void log(java.lang.String) -> a
    void log(java.lang.Class,java.lang.String) -> a
    void logError(java.lang.String) -> b
    void logError(java.lang.String,java.lang.Exception) -> a
    void logError(java.lang.Class,java.lang.String) -> b
    void logError(java.lang.Class,java.lang.String,java.lang.Exception) -> a
com.giorgioaresu.batchrenamer.Debug$OnLogListener -> com.giorgioaresu.batchrenamer.d:
com.giorgioaresu.batchrenamer.DynamicListView -> com.giorgioaresu.batchrenamer.DynamicListView:
    int SMOOTH_SCROLL_AMOUNT_AT_EDGE -> a
    int MOVE_DURATION -> b
    int mLastEventY -> c
    int mDownY -> d
    int mDownX -> e
    int mTotalOffset -> f
    boolean mCellIsMobile -> g
    boolean mIsMobileScrolling -> h
    int mSmoothScrollAmountAtEdge -> i
    com.giorgioaresu.batchrenamer.Rule mAboveItem -> j
    com.giorgioaresu.batchrenamer.Rule mMobileItem -> k
    com.giorgioaresu.batchrenamer.Rule mBelowItem -> l
    android.graphics.drawable.BitmapDrawable mHoverCell -> m
    android.graphics.Rect mHoverCellCurrentBounds -> n
    android.graphics.Rect mHoverCellOriginalBounds -> o
    int INVALID_POINTER_ID -> p
    int mActivePointerId -> q
    boolean mIsWaitingForScrollFinish -> r
    int mScrollState -> s
    android.widget.AdapterView$OnItemLongClickListener mOnItemLongClickListener -> t
    android.animation.TypeEvaluator sBoundEvaluator -> u
    android.widget.AbsListView$OnScrollListener mScrollListener -> v
    void init(android.content.Context) -> a
    void updateNeighborViews(com.giorgioaresu.batchrenamer.Rule) -> b
    android.view.View getView(com.giorgioaresu.batchrenamer.Rule) -> a
    void dispatchDraw(android.graphics.Canvas) -> dispatchDraw
    boolean onTouchEvent(android.view.MotionEvent) -> onTouchEvent
    void handleCellSwitch() -> a
    void touchEventsEnded() -> b
    void touchEventsCancelled() -> c
    void handleMobileCellScroll() -> d
com.giorgioaresu.batchrenamer.DynamicListView$1 -> com.giorgioaresu.batchrenamer.e:
    com.giorgioaresu.batchrenamer.DynamicListView this$0 -> a
    boolean onItemLongClick(android.widget.AdapterView,android.view.View,int,long) -> onItemLongClick
com.giorgioaresu.batchrenamer.DynamicListView$2 -> com.giorgioaresu.batchrenamer.f:
    android.view.ViewTreeObserver val$observer -> a
    com.giorgioaresu.batchrenamer.Rule val$switchItem -> b
    int val$deltaY -> c
    int val$switchViewStartTop -> d
    com.giorgioaresu.batchrenamer.DynamicListView this$0 -> e
    boolean onPreDraw() -> onPreDraw
com.giorgioaresu.batchrenamer.DynamicListView$3 -> com.giorgioaresu.batchrenamer.g:
    com.giorgioaresu.batchrenamer.DynamicListView this$0 -> a
    void onAnimationUpdate(android.animation.ValueAnimator) -> onAnimationUpdate
...
android.support.v4.media.RatingCompat$1 -> android.support.v4.media.d:
    java.lang.Object[] newArray(int) -> newArray
    java.lang.Object createFromParcel(android.os.Parcel) -> createFromParcel
android.support.v4.media.session.MediaSessionCompat -> android.support.v4.media.session.MediaSessionCompat:
android.support.v4.media.session.MediaSessionCompat$QueueItem -> android.support.v4.media.session.MediaSessionCompat$QueueItem:
    android.support.v4.media.MediaDescriptionCompat mDescription -> a
    long mId -> b
    android.os.Parcelable$Creator CREATOR -> CREATOR
    void writeToParcel(android.os.Parcel,int) -> writeToParcel
    int describeContents() -> describeContents
    java.lang.String toString() -> toString
android.support.v4.media.session.MediaSessionCompat$QueueItem$1 -> android.support.v4.media.session.a:
    java.lang.Object[] newArray(int) -> newArray
    java.lang.Object createFromParcel(android.os.Parcel) -> createFromParcel
android.support.v4.media.session.MediaSessionCompat$ResultReceiverWrapper -> android.support.v4.media.session.MediaSessionCompat$ResultReceiverWrapper:
    android.os.ResultReceiver mResultReceiver -> a
    android.os.Parcelable$Creator CREATOR -> CREATOR
    int describeContents() -> describeContents
    void writeToParcel(android.os.Parcel,int) -> writeToParcel
android.support.v4.media.session.MediaSessionCompat$ResultReceiverWrapper$1 -> android.support.v4.media.session.b:
    java.lang.Object[] newArray(int) -> newArray
    java.lang.Object createFromParcel(android.os.Parcel) -> createFromParcel
android.support.v4.media.session.MediaSessionCompat$Token -> android.support.v4.media.session.MediaSessionCompat$Token:
    java.lang.Object mInner -> a
    android.os.Parcelable$Creator CREATOR -> CREATOR
    int describeContents() -> describeContents
    void writeToParcel(android.os.Parcel,int) -> writeToParcel
android.support.v4.media.session.MediaSessionCompat$Token$1 -> android.support.v4.media.session.c:
    java.lang.Object[] newArray(int) -> newArray
    java.lang.Object createFromParcel(android.os.Parcel) -> createFromParcel
android.support.v4.media.session.ParcelableVolumeInfo -> android.support.v4.media.session.ParcelableVolumeInfo:
    int volumeType -> a
    int audioStream -> b
    int controlType -> c
    int maxVolume -> d
    int currentVolume -> e
    android.os.Parcelable$Creator CREATOR -> CREATOR
    int describeContents() -> describeContents
    void writeToParcel(android.os.Parcel,int) -> writeToParcel
android.support.v4.media.session.ParcelableVolumeInfo$1 -> android.support.v4.media.session.d:
    java.lang.Object[] newArray(int) -> newArray
    java.lang.Object createFromParcel(android.os.Parcel) -> createFromParcel
android.support.v4.media.session.PlaybackStateCompat -> android.support.v4.media.session.PlaybackStateCompat:
    int mState -> a
    long mPosition -> b
    long mBufferedPosition -> c
    float mSpeed -> d
    long mActions -> e
    java.lang.CharSequence mErrorMessage -> f
    long mUpdateTime -> g
    java.util.List mCustomActions -> h
    long mActiveItemId -> i
    android.os.Bundle mExtras -> j
    android.os.Parcelable$Creator CREATOR -> CREATOR
    java.lang.String toString() -> toString
    int describeContents() -> describeContents
    void writeToParcel(android.os.Parcel,int) -> writeToParcel
android.support.v4.media.session.PlaybackStateCompat$1 -> android.support.v4.media.session.e:
    java.lang.Object[] newArray(int) -> newArray
    java.lang.Object createFromParcel(android.os.Parcel) -> createFromParcel